<?xml version="1.0" encoding="UTF-8"?>
<!-- Generated by org.testng.reporters.JUnitReportReporter -->
<testsuite hostname="DESKTOP-BAJUI1M" failures="0" tests="1" name="GetPackage.MyApiGet" time="6.497" errors="0" timestamp="2023-06-08T18:10:20 IST" skipped="0">
  <testcase classname="GetPackage.MyApiGet" name="testGetRequest" time="6.497"/>
  <system-out/>
</testsuite> <!-- GetPackage.MyApiGet -->
