<?xml version="1.0" encoding="UTF-8"?>
<!-- Generated by org.testng.reporters.JUnitReportReporter -->
<testsuite hostname="DESKTOP-BAJUI1M" failures="0" tests="1" name="PostPackage.MyApiPost" time="5.261" errors="0" timestamp="2023-06-08T18:50:30 IST" skipped="0">
  <testcase classname="PostPackage.MyApiPost" name="testPostRequest" time="5.261"/>
  <system-out/>
</testsuite> <!-- PostPackage.MyApiPost -->
