<?xml version="1.0" encoding="UTF-8"?>
<!-- Generated by org.testng.reporters.JUnitReportReporter -->
<testsuite hostname="DESKTOP-BAJUI1M" failures="0" tests="1" name="PutPackage.MyPostApi" time="3.599" errors="0" timestamp="2023-06-08T19:41:04 IST" skipped="0">
  <testcase classname="PutPackage.MyPostApi" name="testPostApi" time="3.599"/>
  <system-out/>
</testsuite> <!-- PutPackage.MyPostApi -->
